<?xml version="1.0" encoding="UTF-8"?>
<testng-results ignored="0" total="1" passed="1" failed="0" skipped="0">
  <reporter-output>
  </reporter-output>
  <suite started-at="2024-02-09T18:18:59 IST" name="Default suite" finished-at="2024-02-09T18:28:05 IST" duration-ms="546370">
    <groups>
    </groups>
    <test started-at="2024-02-09T18:18:59 IST" name="Default test" finished-at="2024-02-09T18:28:05 IST" duration-ms="546370">
      <class name="com.medifee.medifee_treatment.TreatmentPriceFetcher2">
        <test-method is-config="true" signature="setup()[pri:0, instance:com.medifee.medifee_treatment.TreatmentPriceFetcher2@15bb5034]" started-at="2024-02-09T18:18:59 IST" name="setup" finished-at="2024-02-09T18:19:03 IST" duration-ms="4611" status="PASS">
          <reporter-output>
          </reporter-output>
        </test-method> <!-- setup -->
        <test-method signature="getTreatmentPriceData2()[pri:0, instance:com.medifee.medifee_treatment.TreatmentPriceFetcher2@15bb5034]" started-at="2024-02-09T18:19:03 IST" name="getTreatmentPriceData2" finished-at="2024-02-09T18:28:05 IST" duration-ms="541710" status="PASS">
          <reporter-output>
          </reporter-output>
        </test-method> <!-- getTreatmentPriceData2 -->
        <test-method is-config="true" signature="tearDown()[pri:0, instance:com.medifee.medifee_treatment.TreatmentPriceFetcher2@15bb5034]" started-at="2024-02-09T18:28:05 IST" name="tearDown" finished-at="2024-02-09T18:28:05 IST" duration-ms="0" status="PASS">
          <reporter-output>
          </reporter-output>
        </test-method> <!-- tearDown -->
      </class> <!-- com.medifee.medifee_treatment.TreatmentPriceFetcher2 -->
    </test> <!-- Default test -->
  </suite> <!-- Default suite -->
</testng-results>
